<?xml version="1.0" encoding="UTF-8"?>
<!-- Generated by org.testng.reporters.JUnitReportReporter -->
<testsuite hostname="DESKTOP-7U7LMPD" failures="0" tests="1" name="com.Guru99B.TestCases.TC_loginTest_001" time="9.685" errors="0" timestamp="2022-08-07T15:31:56 IST" skipped="0">
  <testcase classname="com.Guru99B.TestCases.TC_loginTest_001" name="LoginTest" time="9.685"/>
  <system-out/>
</testsuite> <!-- com.Guru99B.TestCases.TC_loginTest_001 -->
