<?xml version="1.0" encoding="UTF-8"?>
<!-- Generated by org.testng.reporters.JUnitReportReporter -->
<testsuite hostname="DESKTOP-7U7LMPD" failures="0" tests="1" name="com.Guru99B.TestCases.CheckVAlidity" time="24.218" errors="0" timestamp="2022-08-08T22:22:56 IST" skipped="0">
  <testcase classname="com.Guru99B.TestCases.CheckVAlidity" name="testLink" time="24.218"/>
  <system-out/>
</testsuite> <!-- com.Guru99B.TestCases.CheckVAlidity -->
