<?xml version="1.0" encoding="UTF-8"?>
<!-- Generated by org.testng.reporters.JUnitReportReporter -->
<testsuite hostname="DESKTOP-7U7LMPD" failures="0" tests="1" name="com.Guru99B.TestCases.TC_NewCustomerTest_002" time="65.696" errors="0" timestamp="2022-08-09T21:56:57 IST" skipped="0">
  <testcase classname="com.Guru99B.TestCases.TC_NewCustomerTest_002" name="NewCustomerTest" time="65.696"/>
  <system-out/>
</testsuite> <!-- com.Guru99B.TestCases.TC_NewCustomerTest_002 -->
